2022-08-16 13:58:14,079 INFO o.a.j.u.JMeterUtils: Setting Locale to en_GB
2022-08-16 13:58:14,090 INFO o.a.j.JMeter: Loading system properties from: system.properties
2022-08-16 13:58:14,090 INFO o.a.j.JMeter: Setting System property: sun.net.http.allowRestrictedHeaders=true
2022-08-16 13:58:14,093 INFO o.a.j.JMeter: Copyright (c) 1998-2022 The Apache Software Foundation
2022-08-16 13:58:14,093 INFO o.a.j.JMeter: Version 5.5
2022-08-16 13:58:14,093 INFO o.a.j.JMeter: java.version=18.0.2
2022-08-16 13:58:14,093 INFO o.a.j.JMeter: java.vm.name=Java HotSpot(TM) 64-Bit Server VM
2022-08-16 13:58:14,093 INFO o.a.j.JMeter: os.name=Mac OS X
2022-08-16 13:58:14,093 INFO o.a.j.JMeter: os.arch=aarch64
2022-08-16 13:58:14,093 INFO o.a.j.JMeter: os.version=12.5
2022-08-16 13:58:14,093 INFO o.a.j.JMeter: file.encoding=UTF-8
2022-08-16 13:58:14,093 INFO o.a.j.JMeter: java.awt.headless=true
2022-08-16 13:58:14,093 INFO o.a.j.JMeter: Max memory     =536870912
2022-08-16 13:58:14,093 INFO o.a.j.JMeter: Available Processors =8
2022-08-16 13:58:14,097 INFO o.a.j.JMeter: Default Locale=English (United Kingdom)
2022-08-16 13:58:14,097 INFO o.a.j.JMeter: JMeter  Locale=English (United Kingdom)
2022-08-16 13:58:14,097 INFO o.a.j.JMeter: JMeterHome=/Users/mohnishchawda/Desktop/JMeter_Maven/performance/target/2740e591-ef70-4cff-bc20-2ae1b0ae0107/jmeter
2022-08-16 13:58:14,097 INFO o.a.j.JMeter: user.dir  =/Users/mohnishchawda/Desktop/JMeter_Maven/performance/target/2740e591-ef70-4cff-bc20-2ae1b0ae0107/jmeter/bin
2022-08-16 13:58:14,097 INFO o.a.j.JMeter: PWD       =/Users/mohnishchawda/Desktop/JMeter_Maven/performance/target/2740e591-ef70-4cff-bc20-2ae1b0ae0107/jmeter/bin
2022-08-16 13:58:14,098 INFO o.a.j.JMeter: IP: 127.0.0.1 Name: Mohnishs-MacBook-Air.local FullName: localhost
2022-08-16 13:58:14,103 INFO o.a.j.JMeter: Setting property 'jmeter.reportgenerator.outputdir' to:'/Users/mohnishchawda/Desktop/JMeter_Maven/performance/target/jmeter/reports/Blaze_Demo'
2022-08-16 13:58:14,104 INFO o.a.j.s.FileServer: Default base='/Users/mohnishchawda/Desktop/JMeter_Maven/performance/target/2740e591-ef70-4cff-bc20-2ae1b0ae0107/jmeter/bin'
2022-08-16 13:58:14,104 INFO o.a.j.s.FileServer: Set new base='/Users/mohnishchawda/Desktop/JMeter_Maven/performance/target/jmeter/testFiles'
2022-08-16 13:58:14,202 INFO o.a.j.s.SaveService: Testplan (JMX) version: 2.2. Testlog (JTL) version: 2.2
2022-08-16 13:58:14,215 INFO o.a.j.s.SaveService: Using SaveService properties version 5.0
2022-08-16 13:58:14,216 INFO o.a.j.s.SaveService: Using SaveService properties file encoding UTF-8
2022-08-16 13:58:14,217 INFO o.a.j.s.SaveService: Loading file: /Users/mohnishchawda/Desktop/JMeter_Maven/performance/target/jmeter/testFiles/Blaze_Demo.jmx
2022-08-16 13:58:14,230 INFO o.a.j.p.h.c.CookieManager: Settings: Delete null: true Check: true Allow variable: true Save: false Prefix: COOKIE_
2022-08-16 13:58:14,237 INFO o.a.j.p.h.s.HTTPSamplerBase: Parser for text/html is org.apache.jmeter.protocol.http.parser.LagartoBasedHtmlParser
2022-08-16 13:58:14,237 INFO o.a.j.p.h.s.HTTPSamplerBase: Parser for application/xhtml+xml is org.apache.jmeter.protocol.http.parser.LagartoBasedHtmlParser
2022-08-16 13:58:14,237 INFO o.a.j.p.h.s.HTTPSamplerBase: Parser for application/xml is org.apache.jmeter.protocol.http.parser.LagartoBasedHtmlParser
2022-08-16 13:58:14,237 INFO o.a.j.p.h.s.HTTPSamplerBase: Parser for text/xml is org.apache.jmeter.protocol.http.parser.LagartoBasedHtmlParser
2022-08-16 13:58:14,237 INFO o.a.j.p.h.s.HTTPSamplerBase: Parser for text/vnd.wap.wml is org.apache.jmeter.protocol.http.parser.RegexpHTMLParser
2022-08-16 13:58:14,237 INFO o.a.j.p.h.s.HTTPSamplerBase: Parser for text/css is org.apache.jmeter.protocol.http.parser.CssParser
2022-08-16 13:58:14,337 INFO o.a.j.e.KeyToolUtils: keytool found at 'keytool'
2022-08-16 13:58:14,337 INFO o.a.j.p.h.p.ProxyControl: HTTP(S) Test Script Recorder SSL Proxy will use keys that support embedded 3rd party resources in file /Users/mohnishchawda/Desktop/JMeter_Maven/performance/target/2740e591-ef70-4cff-bc20-2ae1b0ae0107/jmeter/bin/proxyserver.jks
2022-08-16 13:58:14,342 INFO o.a.j.JMeter: Creating summariser <summary>
2022-08-16 13:58:14,344 INFO o.a.j.r.d.ReportGenerator: ReportGenerator will use for Parsing the separator: ','
2022-08-16 13:58:14,344 INFO o.a.j.r.d.ReportGenerator: Will generate report at end of test from  results file: /Users/mohnishchawda/Desktop/JMeter_Maven/performance/target/jmeter/results/20220816-Blaze_Demo.csv
2022-08-16 13:58:14,344 INFO o.a.j.r.d.ReportGenerator: Reading report generator properties from: /Users/mohnishchawda/Desktop/JMeter_Maven/performance/target/2740e591-ef70-4cff-bc20-2ae1b0ae0107/jmeter/bin/reportgenerator.properties
2022-08-16 13:58:14,345 INFO o.a.j.r.d.ReportGenerator: Merging with JMeter properties
2022-08-16 13:58:14,346 INFO o.a.j.r.c.ReportGeneratorConfiguration: Property 'jmeter.reportgenerator.temp_dir' not found, using default value 'temp' instead.
2022-08-16 13:58:14,347 INFO o.a.j.r.c.ReportGeneratorConfiguration: Property 'jmeter.reportgenerator.apdex_per_transaction' not found, using default value 'null' instead.
2022-08-16 13:58:14,348 INFO o.a.j.r.c.ReportGeneratorConfiguration: apdex_per_transaction is empty, not APDEX per transaction customization
2022-08-16 13:58:14,348 INFO o.a.j.r.c.ReportGeneratorConfiguration: Property 'jmeter.reportgenerator.sample_filter' not found, using default value 'null' instead.
2022-08-16 13:58:14,348 INFO o.a.j.r.c.ReportGeneratorConfiguration: Property 'jmeter.reportgenerator.report_title' not found, using default value 'null' instead.
2022-08-16 13:58:14,348 INFO o.a.j.r.c.ReportGeneratorConfiguration: Property 'jmeter.reportgenerator.start_date' not found, using default value 'null' instead.
2022-08-16 13:58:14,348 INFO o.a.j.r.c.ReportGeneratorConfiguration: Property 'jmeter.reportgenerator.end_date' not found, using default value 'null' instead.
2022-08-16 13:58:14,348 INFO o.a.j.r.c.ReportGeneratorConfiguration: Property 'jmeter.reportgenerator.date_format' not found, using default value 'null' instead.
2022-08-16 13:58:14,350 INFO o.a.j.r.c.ReportGeneratorConfiguration: Will use date range start date: null, end date: null
2022-08-16 13:58:14,352 INFO o.a.j.r.c.ReportGeneratorConfiguration: Property 'jmeter.reportgenerator.graph.totalTPS.exclude_controllers' not found, using default value 'false' instead.
2022-08-16 13:58:14,352 INFO o.a.j.r.c.ReportGeneratorConfiguration: Property 'jmeter.reportgenerator.graph.activeThreadsOverTime.exclude_controllers' not found, using default value 'false' instead.
2022-08-16 13:58:14,352 INFO o.a.j.r.c.ReportGeneratorConfiguration: Property 'jmeter.reportgenerator.graph.timeVsThreads.exclude_controllers' not found, using default value 'false' instead.
2022-08-16 13:58:14,352 INFO o.a.j.r.c.ReportGeneratorConfiguration: Property 'jmeter.reportgenerator.graph.responseTimeDistribution.exclude_controllers' not found, using default value 'false' instead.
2022-08-16 13:58:14,352 INFO o.a.j.r.c.ReportGeneratorConfiguration: Property 'jmeter.reportgenerator.graph.transactionsPerSecond.exclude_controllers' not found, using default value 'false' instead.
2022-08-16 13:58:14,352 INFO o.a.j.r.c.ReportGeneratorConfiguration: Property 'jmeter.reportgenerator.graph.responseTimePercentiles.exclude_controllers' not found, using default value 'false' instead.
2022-08-16 13:58:14,352 INFO o.a.j.r.c.ReportGeneratorConfiguration: Property 'jmeter.reportgenerator.graph.responseTimePercentilesOverTime.exclude_controllers' not found, using default value 'false' instead.
2022-08-16 13:58:14,352 INFO o.a.j.r.c.ReportGeneratorConfiguration: Property 'jmeter.reportgenerator.graph.responseTimesOverTime.exclude_controllers' not found, using default value 'false' instead.
2022-08-16 13:58:14,352 INFO o.a.j.r.c.ReportGeneratorConfiguration: Property 'jmeter.reportgenerator.graph.connectTimeOverTime.exclude_controllers' not found, using default value 'false' instead.
2022-08-16 13:58:14,353 INFO o.a.j.r.c.ReportGeneratorConfiguration: Property 'jmeter.reportgenerator.graph.latenciesOverTime.exclude_controllers' not found, using default value 'false' instead.
2022-08-16 13:58:14,353 INFO o.a.j.r.c.ReportGeneratorConfiguration: Property 'jmeter.reportgenerator.exporter.json.filters_only_sample_series' not found, using default value 'true' instead.
2022-08-16 13:58:14,353 INFO o.a.j.r.c.ReportGeneratorConfiguration: Property 'jmeter.reportgenerator.exporter.json.series_filter' not found, using default value '' instead.
2022-08-16 13:58:14,353 INFO o.a.j.r.c.ReportGeneratorConfiguration: Property 'jmeter.reportgenerator.exporter.json.show_controllers_only' not found, using default value 'false' instead.
2022-08-16 13:58:14,353 INFO o.a.j.r.c.ReportGeneratorConfiguration: Property 'jmeter.reportgenerator.exporter.html.filters_only_sample_series' not found, using default value 'true' instead.
2022-08-16 13:58:14,353 INFO o.a.j.r.c.ReportGeneratorConfiguration: Property 'jmeter.reportgenerator.exporter.html.series_filter' not found, using default value '' instead.
2022-08-16 13:58:14,353 INFO o.a.j.r.c.ReportGeneratorConfiguration: Property 'jmeter.reportgenerator.exporter.html.show_controllers_only' not found, using default value 'false' instead.
2022-08-16 13:58:14,358 INFO o.a.j.e.StandardJMeterEngine: Running the test!
2022-08-16 13:58:14,359 INFO o.a.j.s.SampleEvent: List of sample_variables: []
2022-08-16 13:58:14,359 INFO o.a.j.s.SampleEvent: List of sample_variables: []
2022-08-16 13:58:14,360 INFO o.a.j.e.u.CompoundVariable: Note: Function class names must contain the string: '.functions.'
2022-08-16 13:58:14,360 INFO o.a.j.e.u.CompoundVariable: Note: Function class names must not contain the string: '.gui.'
2022-08-16 13:58:14,400 INFO o.a.j.JMeter: Running test (1660654694400)
2022-08-16 13:58:14,409 INFO o.a.j.e.StandardJMeterEngine: Starting ThreadGroup: 1 : Thread Group
2022-08-16 13:58:14,410 INFO o.a.j.e.StandardJMeterEngine: Starting 2 threads for group Thread Group.
2022-08-16 13:58:14,410 INFO o.a.j.e.StandardJMeterEngine: Thread will continue on error
2022-08-16 13:58:14,410 INFO o.a.j.t.ThreadGroup: Starting thread group... number=1 threads=2 ramp-up=5 delayedStart=false
2022-08-16 13:58:14,414 INFO o.a.j.t.ThreadGroup: Started thread group number 1
2022-08-16 13:58:14,414 INFO o.a.j.e.StandardJMeterEngine: All thread groups have been started
2022-08-16 13:58:14,414 INFO o.a.j.s.SampleResult: Note: Sample TimeStamps are START times
2022-08-16 13:58:14,414 INFO o.a.j.s.SampleResult: sampleresult.default.encoding is set to ISO-8859-1
2022-08-16 13:58:14,414 INFO o.a.j.s.SampleResult: sampleresult.useNanoTime=true
2022-08-16 13:58:14,414 INFO o.a.j.s.SampleResult: sampleresult.nanoThreadSleep=5000
2022-08-16 13:58:14,415 INFO o.a.j.t.JMeterThread: Thread started: Thread Group 1-1
2022-08-16 13:58:14,421 INFO o.a.j.p.h.s.HTTPHCAbstractImpl: Local host = Mohnishs-MacBook-Air.local
2022-08-16 13:58:14,423 INFO o.a.j.p.h.s.HTTPHC4Impl: HTTP request retry count = 0
2022-08-16 13:58:14,447 INFO o.a.j.p.h.s.h.LazyLayeredConnectionSocketFactory: Setting up HTTPS TrustAll Socket Factory
2022-08-16 13:58:14,449 INFO o.a.j.u.JsseSSLManager: Using default SSL protocol: TLS
2022-08-16 13:58:14,449 INFO o.a.j.u.JsseSSLManager: SSL session context: per-thread
2022-08-16 13:58:14,497 INFO o.a.j.u.SSLManager: JmeterKeyStore Location:  type JKS
2022-08-16 13:58:14,498 INFO o.a.j.u.SSLManager: KeyStore created OK
2022-08-16 13:58:14,498 WARN o.a.j.u.SSLManager: Keystore file not found, loading empty keystore
2022-08-16 13:58:16,915 INFO o.a.j.t.JMeterThread: Thread started: Thread Group 1-2
2022-08-16 13:58:26,867 INFO o.a.j.t.JMeterThread: Thread is done: Thread Group 1-1
2022-08-16 13:58:26,869 INFO o.a.j.t.JMeterThread: Thread finished: Thread Group 1-1
2022-08-16 13:58:29,964 INFO o.a.j.t.JMeterThread: Thread is done: Thread Group 1-2
2022-08-16 13:58:29,964 INFO o.a.j.t.JMeterThread: Thread finished: Thread Group 1-2
2022-08-16 13:58:29,966 INFO o.a.j.e.StandardJMeterEngine: Notifying test listeners of end of test
2022-08-16 13:58:29,972 INFO o.a.j.r.Summariser: summary =     80 in 00:00:16 =    5.1/s Avg:   317 Min:   222 Max:   663 Err:     0 (0.00%)
2022-08-16 13:58:29,973 INFO o.a.j.JMeter: Generating Dashboard
2022-08-16 13:58:29,973 INFO o.a.j.r.d.ReportGenerator: Flushing result collector before report Generation
2022-08-16 13:58:29,996 INFO o.a.j.r.p.NormalizerSampleConsumer: Using format, 'ms', to parse timeStamp field
2022-08-16 13:58:30,050 INFO o.a.j.r.p.AbstractSampleConsumer: class org.apache.jmeter.report.processor.AggregateConsumer#stopProducing(): beginDate produced 0 samples
2022-08-16 13:58:30,050 INFO o.a.j.r.p.AbstractSampleConsumer: class org.apache.jmeter.report.processor.AggregateConsumer#stopProducing(): endDate produced 0 samples
2022-08-16 13:58:30,051 INFO o.a.j.r.p.AbstractSampleConsumer: class org.apache.jmeter.report.processor.ApdexSummaryConsumer#stopProducing(): apdexSummary produced 0 samples
2022-08-16 13:58:30,051 INFO o.a.j.r.p.AbstractSampleConsumer: class org.apache.jmeter.report.processor.RequestsSummaryConsumer#stopProducing(): requestsSummary produced 0 samples
2022-08-16 13:58:30,053 INFO o.a.j.r.p.AbstractSampleConsumer: class org.apache.jmeter.report.processor.StatisticsSummaryConsumer#stopProducing(): statisticsSummary produced 0 samples
2022-08-16 13:58:30,054 INFO o.a.j.r.p.AbstractSampleConsumer: class org.apache.jmeter.report.processor.Top5ErrorsBySamplerConsumer#stopProducing(): top5ErrorsBySampler produced 0 samples
2022-08-16 13:58:30,054 INFO o.a.j.r.p.AbstractSampleConsumer: class org.apache.jmeter.report.processor.ErrorsSummaryConsumer#stopProducing(): errorsSummary produced 0 samples
2022-08-16 13:58:30,054 INFO o.a.j.r.p.AbstractSampleConsumer: class org.apache.jmeter.report.processor.graph.impl.HitsPerSecondGraphConsumer#stopProducing(): hitsPerSecond produced 0 samples
2022-08-16 13:58:30,059 INFO o.a.j.r.p.AbstractSampleConsumer: class org.apache.jmeter.report.processor.graph.impl.LatencyVSRequestGraphConsumer#stopProducing(): latencyVsRequest produced 0 samples
2022-08-16 13:58:30,059 INFO o.a.j.r.p.AbstractSampleConsumer: class org.apache.jmeter.report.processor.graph.impl.SyntheticResponseTimeDistributionGraphConsumer#stopProducing(): syntheticResponseTimeDistribution produced 0 samples
2022-08-16 13:58:30,059 INFO o.a.j.r.p.AbstractSampleConsumer: class org.apache.jmeter.report.processor.graph.impl.BytesThroughputGraphConsumer#stopProducing(): bytesThroughputOverTime produced 0 samples
2022-08-16 13:58:30,059 INFO o.a.j.r.p.AbstractSampleConsumer: class org.apache.jmeter.report.processor.graph.impl.CodesPerSecondGraphConsumer#stopProducing(): codesPerSecond produced 0 samples
2022-08-16 13:58:30,060 INFO o.a.j.r.p.AbstractSampleConsumer: class org.apache.jmeter.report.processor.graph.impl.ResponseTimeVSRequestGraphConsumer#stopProducing(): responseTimeVsRequest produced 0 samples
2022-08-16 13:58:30,060 INFO o.a.j.r.p.AbstractSampleConsumer: class org.apache.jmeter.report.processor.FilterConsumer#stopProducing(): startIntervalControlerFilter produced 560 samples
2022-08-16 13:58:30,060 INFO o.a.j.r.p.AbstractSampleConsumer: class org.apache.jmeter.report.processor.graph.impl.TotalTPSGraphConsumer#stopProducing(): totalTPS produced 0 samples
2022-08-16 13:58:30,060 INFO o.a.j.r.p.AbstractSampleConsumer: class org.apache.jmeter.report.processor.graph.impl.ActiveThreadsGraphConsumer#stopProducing(): activeThreadsOverTime produced 0 samples
2022-08-16 13:58:30,060 INFO o.a.j.r.p.AbstractSampleConsumer: class org.apache.jmeter.report.processor.graph.impl.TimeVSThreadGraphConsumer#stopProducing(): timeVsThreads produced 0 samples
2022-08-16 13:58:30,061 INFO o.a.j.r.p.AbstractSampleConsumer: class org.apache.jmeter.report.processor.graph.impl.ResponseTimeDistributionGraphConsumer#stopProducing(): responseTimeDistribution produced 0 samples
2022-08-16 13:58:30,061 INFO o.a.j.r.p.AbstractSampleConsumer: class org.apache.jmeter.report.processor.graph.impl.TransactionsPerSecondGraphConsumer#stopProducing(): transactionsPerSecond produced 0 samples
2022-08-16 13:58:30,061 INFO o.a.j.r.p.AbstractSampleConsumer: class org.apache.jmeter.report.processor.graph.impl.ResponseTimePercentilesGraphConsumer#stopProducing(): responseTimePercentiles produced 0 samples
2022-08-16 13:58:30,062 INFO o.a.j.r.p.AbstractSampleConsumer: class org.apache.jmeter.report.processor.graph.impl.ResponseTimePercentilesOverTimeGraphConsumer#stopProducing(): responseTimePercentilesOverTime produced 0 samples
2022-08-16 13:58:30,062 INFO o.a.j.r.p.AbstractSampleConsumer: class org.apache.jmeter.report.processor.graph.impl.ResponseTimeOverTimeGraphConsumer#stopProducing(): responseTimesOverTime produced 0 samples
2022-08-16 13:58:30,062 INFO o.a.j.r.p.AbstractSampleConsumer: class org.apache.jmeter.report.processor.graph.impl.ConnectTimeOverTimeGraphConsumer#stopProducing(): connectTimeOverTime produced 0 samples
2022-08-16 13:58:30,062 INFO o.a.j.r.p.AbstractSampleConsumer: class org.apache.jmeter.report.processor.graph.impl.LatencyOverTimeGraphConsumer#stopProducing(): latenciesOverTime produced 0 samples
2022-08-16 13:58:30,062 INFO o.a.j.r.p.AbstractSampleConsumer: class org.apache.jmeter.report.processor.FilterConsumer#stopProducing(): nameFilter produced 2400 samples
2022-08-16 13:58:30,062 INFO o.a.j.r.p.AbstractSampleConsumer: class org.apache.jmeter.report.processor.FilterConsumer#stopProducing(): dateRangeFilter produced 480 samples
2022-08-16 13:58:30,062 INFO o.a.j.r.p.AbstractSampleConsumer: class org.apache.jmeter.report.processor.NormalizerSampleConsumer#stopProducing(): normalizer produced 160 samples
2022-08-16 13:58:30,063 INFO o.a.j.r.p.CsvFileSampleSource: produce(): 160 samples produced in 45ms on channel 0
2022-08-16 13:58:30,063 INFO o.a.j.r.d.ReportGenerator: Exporting data using exporter:'json' of className:'org.apache.jmeter.report.dashboard.JsonExporter'
2022-08-16 13:58:30,121 INFO o.a.j.r.d.JsonExporter: Found data for consumer statisticsSummary in context
2022-08-16 13:58:30,121 INFO o.a.j.r.d.JsonExporter: Creating statistics for overall
2022-08-16 13:58:30,121 INFO o.a.j.r.d.JsonExporter: Creating statistics for other transactions
2022-08-16 13:58:30,121 INFO o.a.j.r.d.JsonExporter: Checking output folder
2022-08-16 13:58:30,121 INFO o.a.j.r.d.JsonExporter: Writing statistics JSON to /Users/mohnishchawda/Desktop/JMeter_Maven/performance/target/jmeter/reports/Blaze_Demo/statistics.json
2022-08-16 13:58:30,140 INFO o.a.j.r.d.ReportGenerator: Exporting data using exporter:'html' of className:'org.apache.jmeter.report.dashboard.HtmlTemplateExporter'
2022-08-16 13:58:30,141 INFO o.a.j.r.d.HtmlTemplateExporter: Will generate dashboard in folder: /Users/mohnishchawda/Desktop/JMeter_Maven/performance/target/jmeter/reports/Blaze_Demo
2022-08-16 13:58:30,188 INFO o.a.j.r.d.HtmlTemplateExporter: Report will be generated in: /Users/mohnishchawda/Desktop/JMeter_Maven/performance/target/jmeter/reports/Blaze_Demo, creating folder structure
2022-08-16 13:58:30,190 INFO o.a.j.r.d.TemplateVisitor: Copying folder from '/Users/mohnishchawda/Desktop/JMeter_Maven/performance/target/2740e591-ef70-4cff-bc20-2ae1b0ae0107/jmeter/bin/report-template' to '/Users/mohnishchawda/Desktop/JMeter_Maven/performance/target/jmeter/reports/Blaze_Demo', got message: /Users/mohnishchawda/Desktop/JMeter_Maven/performance/target/jmeter/reports/Blaze_Demo, found non empty folder with following content [/Users/mohnishchawda/Desktop/JMeter_Maven/performance/target/jmeter/reports/Blaze_Demo/statistics.json], will be ignored
2022-08-16 13:58:30,321 INFO o.a.j.JMeter: Dashboard generated
